\BOOKMARK [1][-]{section.1}{Introduction}{}% 1
\BOOKMARK [1][-]{section.2}{Background}{}% 2
\BOOKMARK [2][-]{subsection.2.1}{SWAY}{section.2}% 3
\BOOKMARK [2][-]{subsection.2.2}{TCP}{section.2}% 4
\BOOKMARK [1][-]{section.3}{Existing Approaches for TCP}{}% 5
\BOOKMARK [2][-]{subsection.3.1}{Additional Greedy Algorithms}{section.3}% 6
\BOOKMARK [2][-]{subsection.3.2}{Search-Based Algorithms}{section.3}% 7
\BOOKMARK [2][-]{subsection.3.3}{What do we compare against?}{section.3}% 8
\BOOKMARK [1][-]{section.4}{SWAY for TCP}{}% 9
\BOOKMARK [2][-]{subsection.4.1}{Background}{section.4}% 10
\BOOKMARK [2][-]{subsection.4.2}{Mathematical preliminaries}{section.4}% 11
\BOOKMARK [2][-]{subsection.4.3}{Intuition}{section.4}% 12
\BOOKMARK [2][-]{subsection.4.4}{Embedding Scheme}{section.4}% 13
\BOOKMARK [3][-]{subsubsection.4.4.1}{Overview}{subsection.4.4}% 14
\BOOKMARK [3][-]{subsubsection.4.4.2}{Mathematical Justification}{subsection.4.4}% 15
\BOOKMARK [2][-]{subsection.4.5}{Initial population}{section.4}% 16
\BOOKMARK [2][-]{subsection.4.6}{Better function}{section.4}% 17
\BOOKMARK [1][-]{section.5}{Experiments}{}% 18
\BOOKMARK [2][-]{subsection.5.1}{Benchmarks}{section.5}% 19
\BOOKMARK [2][-]{subsection.5.2}{Research Questions}{section.5}% 20
\BOOKMARK [2][-]{subsection.5.3}{Performance Measures}{section.5}% 21
\BOOKMARK [1][-]{section.6}{Results}{}% 22
\BOOKMARK [2][-]{subsection.6.1}{RQ1: How well does our approach perform?}{section.6}% 23
\BOOKMARK [2][-]{subsection.6.2}{RQ2: Sensitivity of hyperparameters}{section.6}% 24
\BOOKMARK [1][-]{section.7}{Conclusions and Future Work}{}% 25
\BOOKMARK [1][-]{section*.5}{Appendix A: Another Embedding}{}% 26
\BOOKMARK [1][-]{section*.7}{References}{}% 27
